0 verbose cli D:\Code\nodejs\node.exe D:\Code\nodejs\node_modules\npm\bin\npm-cli.js
1 info using npm@9.6.7
2 info using node@v18.17.0
3 timing npm:load:whichnode Completed in 3ms
4 timing config:load:defaults Completed in 2ms
5 timing config:load:file:D:\Code\nodejs\node_modules\npm\npmrc Completed in 3ms
6 timing config:load:builtin Completed in 3ms
7 timing config:load:cli Completed in 1ms
8 timing config:load:env Completed in 0ms
9 timing config:load:file:D:\Code\vscode\vsPoject\mingguang\ming-guang-zhu-meng-vue\.npmrc Completed in 1ms
10 timing config:load:project Completed in 2ms
11 timing config:load:file:C:\Users\86198\.npmrc Completed in 0ms
12 timing config:load:user Completed in 0ms
13 timing config:load:file:D:\Code\vscode\vsPoject\mingguang\ming-guang-zhu-meng-vue\Program Files odejs ode_global\etc\npmrc Completed in 0ms
14 timing config:load:global Completed in 0ms
15 timing config:load:setEnvs Completed in 1ms
16 timing config:load Completed in 10ms
17 timing npm:load:configload Completed in 10ms
18 timing npm:load:mkdirpcache Completed in 1ms
19 timing npm:load:mkdirplogs Completed in 0ms
20 verbose title npm run serve
21 verbose argv "run" "serve"
22 timing npm:load:setTitle Completed in 1ms
23 timing config:load:flatten Completed in 2ms
24 timing npm:load:display Completed in 3ms
25 verbose logfile logs-max:10 dir:D:\Code\vscode\vsPoject\mingguang\ming-guang-zhu-meng-vue\Program Files odejs ode_cache\_logs\2023-11-02T14_49_46_728Z-
26 verbose logfile D:\Code\vscode\vsPoject\mingguang\ming-guang-zhu-meng-vue\Program Files odejs ode_cache\_logs\2023-11-02T14_49_46_728Z-debug-0.log
27 timing npm:load:logFile Completed in 31ms
28 timing npm:load:timers Completed in 0ms
29 timing npm:load:configScope Completed in 0ms
30 timing npm:load Completed in 50ms
31 silly logfile done cleaning log files
32 timing command:run Completed in 7331ms
33 verbose exit 1
34 timing npm Completed in 7399ms
35 verbose code 1
