0 verbose cli D:\Code\nodejs\node.exe D:\Code\nodejs\node_modules\npm\bin\npm-cli.js
1 info using npm@9.6.7
2 info using node@v18.17.0
3 timing npm:load:whichnode Completed in 1ms
4 timing config:load:defaults Completed in 2ms
5 timing config:load:file:D:\Code\nodejs\node_modules\npm\npmrc Completed in 4ms
6 timing config:load:builtin Completed in 4ms
7 timing config:load:cli Completed in 2ms
8 timing config:load:env Completed in 0ms
9 timing config:load:project Completed in 1ms
10 timing config:load:file:C:\Users\86198\.npmrc Completed in 1ms
11 timing config:load:user Completed in 1ms
12 timing config:load:file:D:\Code\vscode\vsPoject\mingguang\ming-guang-zhu-meng-vue\Program Files odejs ode_global\etc\npmrc Completed in 0ms
13 timing config:load:global Completed in 0ms
14 timing config:load:setEnvs Completed in 1ms
15 timing config:load Completed in 11ms
16 timing npm:load:configload Completed in 11ms
17 timing npm:load:mkdirpcache Completed in 0ms
18 timing npm:load:mkdirplogs Completed in 1ms
19 verbose title npm prefix
20 verbose argv "prefix" "--global"
21 timing npm:load:setTitle Completed in 1ms
22 timing config:load:flatten Completed in 2ms
23 timing npm:load:display Completed in 2ms
24 verbose logfile logs-max:10 dir:D:\Code\vscode\vsPoject\mingguang\ming-guang-zhu-meng-vue\Program Files odejs ode_cache\_logs\2023-11-02T14_44_49_855Z-
25 verbose logfile D:\Code\vscode\vsPoject\mingguang\ming-guang-zhu-meng-vue\Program Files odejs ode_cache\_logs\2023-11-02T14_44_49_855Z-debug-0.log
26 timing npm:load:logFile Completed in 35ms
27 timing npm:load:timers Completed in 0ms
28 timing npm:load:configScope Completed in 0ms
29 timing npm:load Completed in 51ms
30 timing command:prefix Completed in 1ms
31 verbose exit 0
32 timing npm Completed in 60ms
33 info ok
